This file contains any messages produced by compilers while
running configure, to aid debugging if configure makes a mistake.

It was created by opkg configure 0.1.8, which was
generated by GNU Autoconf 2.67.  Invocation command line was

  $ ./configure CC=arm-linux-gcc --build=arm-linux-uclibc --target=arm-linux-uclibc --host=arm-linux CFLAGS=-Os -frename-registers -march=armv4 --prefix=/home/dwmcqueen/Projects/snake-os/apps --with-opkglibdir=/opt --enable-static --disable-shared --disable-gpg --disable-curl

## --------- ##
## Platform. ##
## --------- ##

hostname = dev-machine
uname -m = x86_64
uname -r = 2.6.35-28-generic
uname -s = Linux
uname -v = #50-Ubuntu SMP Fri Mar 18 18:42:20 UTC 2011

/usr/bin/uname -p = unknown
/bin/uname -X     = unknown

/bin/arch              = unknown
/usr/bin/arch -k       = unknown
/usr/convex/getsysinfo = unknown
/usr/bin/hostinfo      = unknown
/bin/machine           = unknown
/usr/bin/oslevel       = unknown
/bin/universe          = unknown

PATH: /home/dwmcqueen/Projects/snake-os/tools/arm-uclibc-3.4.6/bin/
PATH: /usr/local/sbin
PATH: /usr/local/bin
PATH: /usr/sbin
PATH: /usr/bin
PATH: /sbin
PATH: /bin
PATH: /usr/games 
PATH: /home/dwmcqueen/Projects/snake-os/tools/arm-uclibc-3.4.6/bin


## ----------- ##
## Core tests. ##
## ----------- ##

configure:2549: checking for a BSD-compatible install
configure:2617: result: /usr/bin/install -c
configure:2628: checking whether build environment is sane
configure:2678: result: yes
configure:2727: checking for arm-linux-strip
configure:2743: found /home/dwmcqueen/Projects/snake-os/tools/arm-uclibc-3.4.6/bin//arm-linux-strip
configure:2754: result: arm-linux-strip
configure:2819: checking for a thread-safe mkdir -p
configure:2858: result: /bin/mkdir -p
configure:2871: checking for gawk
configure:2887: found /usr/bin/gawk
configure:2898: result: gawk
configure:2909: checking whether make sets $(MAKE)
configure:2931: result: yes
configure:3018: checking build system type
configure:3032: result: arm-unknown-linux-uclibc
configure:3052: checking host system type
configure:3065: result: arm-unknown-linux-gnu
configure:3097: checking for style of include used by make
configure:3125: result: GNU
configure:3155: checking for arm-linux-gcc
configure:3182: result: arm-linux-gcc
configure:3451: checking for C compiler version
configure:3460: arm-linux-gcc --version >&5
arm-linux-gcc (GCC) 3.4.6
Copyright (C) 2006 Free Software Foundation, Inc.
This is free software; see the source for copying conditions.  There is NO
warranty; not even for MERCHANTABILITY or FITNESS FOR A PARTICULAR PURPOSE.

configure:3471: $? = 0
configure:3460: arm-linux-gcc -v >&5
Reading specs from /home/dwmcqueen/Projects/snake-os/tools/arm-uclibc-3.4.6/bin/../lib/gcc/arm-linux-uclibc/3.4.6/specs
Configured with: /home/project/CROSS_GCC/buildroot-20070310/toolchain_build_arm_nofpu/gcc-3.4.6/configure --prefix=/usr/local/arm-linux-uclibc-3.4.6 --build=i386-pc-linux-gnu --host=i386-pc-linux-gnu --target=arm-linux-uclibc --enable-languages=c,c++ --disable-__cxa_atexit --enable-target-optspace --with-gnu-ld --enable-shared --disable-nls --enable-threads --disable-multilib --with-float=soft : (reconfigured) /home/project/CROSS_GCC/buildroot-20070310/toolchain_build_arm_nofpu/gcc-3.4.6/configure --prefix=/usr/local/arm-linux-uclibc-3.4.6 --build=i386-pc-linux-gnu --host=i386-pc-linux-gnu --target=arm-linux-uclibc --enable-languages=c,c++ --disable-__cxa_atexit --enable-target-optspace --with-gnu-ld --enable-shared --disable-nls --enable-threads --disable-multilib --with-float=soft
Thread model: posix
gcc version 3.4.6
configure:3471: $? = 0
configure:3460: arm-linux-gcc -V >&5
arm-linux-gcc: `-V' option must have argument
configure:3471: $? = 1
configure:3460: arm-linux-gcc -qversion >&5
arm-linux-gcc: unrecognized option `-qversion'
arm-linux-gcc: no input files
configure:3471: $? = 1
configure:3491: checking whether the C compiler works
configure:3513: arm-linux-gcc -Os -frename-registers -march=armv4   conftest.c  >&5
configure:3517: $? = 0
configure:3565: result: yes
configure:3568: checking for C compiler default output file name
configure:3570: result: a.out
configure:3576: checking for suffix of executables
configure:3583: arm-linux-gcc -o conftest -Os -frename-registers -march=armv4   conftest.c  >&5
configure:3587: $? = 0
configure:3609: result: 
configure:3631: checking whether we are cross compiling
configure:3669: result: yes
configure:3674: checking for suffix of object files
configure:3696: arm-linux-gcc -c -Os -frename-registers -march=armv4  conftest.c >&5
configure:3700: $? = 0
configure:3721: result: o
configure:3725: checking whether we are using the GNU C compiler
configure:3744: arm-linux-gcc -c -Os -frename-registers -march=armv4  conftest.c >&5
configure:3744: $? = 0
configure:3753: result: yes
configure:3762: checking whether arm-linux-gcc accepts -g
configure:3782: arm-linux-gcc -c -g  conftest.c >&5
configure:3782: $? = 0
configure:3823: result: yes
configure:3840: checking for arm-linux-gcc option to accept ISO C89
configure:3904: arm-linux-gcc  -c -Os -frename-registers -march=armv4  conftest.c >&5
configure:3904: $? = 0
configure:3917: result: none needed
configure:3939: checking dependency style of arm-linux-gcc
configure:4049: result: gcc3
configure:4070: checking how to run the C preprocessor
configure:4101: arm-linux-gcc -E  conftest.c
configure:4101: $? = 0
configure:4115: arm-linux-gcc -E  conftest.c
conftest.c:11:28: ac_nonexistent.h: No such file or directory
configure:4115: $? = 1
configure: failed program was:
| /* confdefs.h */
| #define PACKAGE_NAME "opkg"
| #define PACKAGE_TARNAME "opkg"
| #define PACKAGE_VERSION "0.1.8"
| #define PACKAGE_STRING "opkg 0.1.8"
| #define PACKAGE_BUGREPORT ""
| #define PACKAGE_URL ""
| #define PACKAGE "opkg"
| #define VERSION "0.1.8"
| /* end confdefs.h.  */
| #include <ac_nonexistent.h>
configure:4140: result: arm-linux-gcc -E
configure:4160: arm-linux-gcc -E  conftest.c
configure:4160: $? = 0
configure:4174: arm-linux-gcc -E  conftest.c
conftest.c:11:28: ac_nonexistent.h: No such file or directory
configure:4174: $? = 1
configure: failed program was:
| /* confdefs.h */
| #define PACKAGE_NAME "opkg"
| #define PACKAGE_TARNAME "opkg"
| #define PACKAGE_VERSION "0.1.8"
| #define PACKAGE_STRING "opkg 0.1.8"
| #define PACKAGE_BUGREPORT ""
| #define PACKAGE_URL ""
| #define PACKAGE "opkg"
| #define VERSION "0.1.8"
| /* end confdefs.h.  */
| #include <ac_nonexistent.h>
configure:4203: checking for grep that handles long lines and -e
configure:4261: result: /bin/grep
configure:4266: checking for egrep
configure:4328: result: /bin/grep -E
configure:4333: checking for ANSI C header files
configure:4353: arm-linux-gcc -c -Os -frename-registers -march=armv4  conftest.c >&5
configure:4353: $? = 0
configure:4437: result: yes
configure:4450: checking for sys/types.h
configure:4450: arm-linux-gcc -c -Os -frename-registers -march=armv4  conftest.c >&5
configure:4450: $? = 0
configure:4450: result: yes
configure:4450: checking for sys/stat.h
configure:4450: arm-linux-gcc -c -Os -frename-registers -march=armv4  conftest.c >&5
configure:4450: $? = 0
configure:4450: result: yes
configure:4450: checking for stdlib.h
configure:4450: arm-linux-gcc -c -Os -frename-registers -march=armv4  conftest.c >&5
configure:4450: $? = 0
configure:4450: result: yes
configure:4450: checking for string.h
configure:4450: arm-linux-gcc -c -Os -frename-registers -march=armv4  conftest.c >&5
configure:4450: $? = 0
configure:4450: result: yes
configure:4450: checking for memory.h
configure:4450: arm-linux-gcc -c -Os -frename-registers -march=armv4  conftest.c >&5
configure:4450: $? = 0
configure:4450: result: yes
configure:4450: checking for strings.h
configure:4450: arm-linux-gcc -c -Os -frename-registers -march=armv4  conftest.c >&5
configure:4450: $? = 0
configure:4450: result: yes
configure:4450: checking for inttypes.h
configure:4450: arm-linux-gcc -c -Os -frename-registers -march=armv4  conftest.c >&5
configure:4450: $? = 0
configure:4450: result: yes
configure:4450: checking for stdint.h
configure:4450: arm-linux-gcc -c -Os -frename-registers -march=armv4  conftest.c >&5
configure:4450: $? = 0
configure:4450: result: yes
configure:4450: checking for unistd.h
configure:4450: arm-linux-gcc -c -Os -frename-registers -march=armv4  conftest.c >&5
configure:4450: $? = 0
configure:4450: result: yes
configure:4463: checking minix/config.h usability
configure:4463: arm-linux-gcc -c -Os -frename-registers -march=armv4  conftest.c >&5
conftest.c:54:26: minix/config.h: No such file or directory
configure:4463: $? = 1
configure: failed program was:
| /* confdefs.h */
| #define PACKAGE_NAME "opkg"
| #define PACKAGE_TARNAME "opkg"
| #define PACKAGE_VERSION "0.1.8"
| #define PACKAGE_STRING "opkg 0.1.8"
| #define PACKAGE_BUGREPORT ""
| #define PACKAGE_URL ""
| #define PACKAGE "opkg"
| #define VERSION "0.1.8"
| #define STDC_HEADERS 1
| #define HAVE_SYS_TYPES_H 1
| #define HAVE_SYS_STAT_H 1
| #define HAVE_STDLIB_H 1
| #define HAVE_STRING_H 1
| #define HAVE_MEMORY_H 1
| #define HAVE_STRINGS_H 1
| #define HAVE_INTTYPES_H 1
| #define HAVE_STDINT_H 1
| #define HAVE_UNISTD_H 1
| /* end confdefs.h.  */
| #include <stdio.h>
| #ifdef HAVE_SYS_TYPES_H
| # include <sys/types.h>
| #endif
| #ifdef HAVE_SYS_STAT_H
| # include <sys/stat.h>
| #endif
| #ifdef STDC_HEADERS
| # include <stdlib.h>
| # include <stddef.h>
| #else
| # ifdef HAVE_STDLIB_H
| #  include <stdlib.h>
| # endif
| #endif
| #ifdef HAVE_STRING_H
| # if !defined STDC_HEADERS && defined HAVE_MEMORY_H
| #  include <memory.h>
| # endif
| # include <string.h>
| #endif
| #ifdef HAVE_STRINGS_H
| # include <strings.h>
| #endif
| #ifdef HAVE_INTTYPES_H
| # include <inttypes.h>
| #endif
| #ifdef HAVE_STDINT_H
| # include <stdint.h>
| #endif
| #ifdef HAVE_UNISTD_H
| # include <unistd.h>
| #endif
| #include <minix/config.h>
configure:4463: result: no
configure:4463: checking minix/config.h presence
configure:4463: arm-linux-gcc -E  conftest.c
conftest.c:21:26: minix/config.h: No such file or directory
configure:4463: $? = 1
configure: failed program was:
| /* confdefs.h */
| #define PACKAGE_NAME "opkg"
| #define PACKAGE_TARNAME "opkg"
| #define PACKAGE_VERSION "0.1.8"
| #define PACKAGE_STRING "opkg 0.1.8"
| #define PACKAGE_BUGREPORT ""
| #define PACKAGE_URL ""
| #define PACKAGE "opkg"
| #define VERSION "0.1.8"
| #define STDC_HEADERS 1
| #define HAVE_SYS_TYPES_H 1
| #define HAVE_SYS_STAT_H 1
| #define HAVE_STDLIB_H 1
| #define HAVE_STRING_H 1
| #define HAVE_MEMORY_H 1
| #define HAVE_STRINGS_H 1
| #define HAVE_INTTYPES_H 1
| #define HAVE_STDINT_H 1
| #define HAVE_UNISTD_H 1
| /* end confdefs.h.  */
| #include <minix/config.h>
configure:4463: result: no
configure:4463: checking for minix/config.h
configure:4463: result: no
configure:4484: checking whether it is safe to define __EXTENSIONS__
configure:4502: arm-linux-gcc -c -Os -frename-registers -march=armv4  conftest.c >&5
configure:4502: $? = 0
configure:4509: result: yes
configure:4542: checking for special C compiler options needed for large files
configure:4587: result: no
configure:4593: checking for _FILE_OFFSET_BITS value needed for large files
configure:4618: arm-linux-gcc -c -Os -frename-registers -march=armv4  conftest.c >&5
conftest.c:32: warning: left shift count >= width of type
conftest.c:32: warning: left shift count >= width of type
conftest.c:34: error: size of array `off_t_is_large' is negative
configure:4618: $? = 1
configure: failed program was:
| /* confdefs.h */
| #define PACKAGE_NAME "opkg"
| #define PACKAGE_TARNAME "opkg"
| #define PACKAGE_VERSION "0.1.8"
| #define PACKAGE_STRING "opkg 0.1.8"
| #define PACKAGE_BUGREPORT ""
| #define PACKAGE_URL ""
| #define PACKAGE "opkg"
| #define VERSION "0.1.8"
| #define STDC_HEADERS 1
| #define HAVE_SYS_TYPES_H 1
| #define HAVE_SYS_STAT_H 1
| #define HAVE_STDLIB_H 1
| #define HAVE_STRING_H 1
| #define HAVE_MEMORY_H 1
| #define HAVE_STRINGS_H 1
| #define HAVE_INTTYPES_H 1
| #define HAVE_STDINT_H 1
| #define HAVE_UNISTD_H 1
| #define __EXTENSIONS__ 1
| #define _ALL_SOURCE 1
| #define _GNU_SOURCE 1
| #define _POSIX_PTHREAD_SEMANTICS 1
| #define _TANDEM_SOURCE 1
| /* end confdefs.h.  */
| #include <sys/types.h>
|  /* Check that off_t can represent 2**63 - 1 correctly.
|     We can't simply define LARGE_OFF_T to be 9223372036854775807,
|     since some C++ compilers masquerading as C compilers
|     incorrectly reject 9223372036854775807.  */
| #define LARGE_OFF_T (((off_t) 1 << 62) - 1 + ((off_t) 1 << 62))
|   int off_t_is_large[(LARGE_OFF_T % 2147483629 == 721
| 		       && LARGE_OFF_T % 2147483647 == 1)
| 		      ? 1 : -1];
| int
| main ()
| {
| 
|   ;
|   return 0;
| }
configure:4642: arm-linux-gcc -c -Os -frename-registers -march=armv4  conftest.c >&5
configure:4642: $? = 0
configure:4650: result: 64
configure:4740: checking for gawk
configure:4767: result: gawk
configure:4786: checking for arm-linux-gcc
configure:4813: result: arm-linux-gcc
configure:5082: checking for C compiler version
configure:5091: arm-linux-gcc --version >&5
arm-linux-gcc (GCC) 3.4.6
Copyright (C) 2006 Free Software Foundation, Inc.
This is free software; see the source for copying conditions.  There is NO
warranty; not even for MERCHANTABILITY or FITNESS FOR A PARTICULAR PURPOSE.

configure:5102: $? = 0
configure:5091: arm-linux-gcc -v >&5
Reading specs from /home/dwmcqueen/Projects/snake-os/tools/arm-uclibc-3.4.6/bin/../lib/gcc/arm-linux-uclibc/3.4.6/specs
Configured with: /home/project/CROSS_GCC/buildroot-20070310/toolchain_build_arm_nofpu/gcc-3.4.6/configure --prefix=/usr/local/arm-linux-uclibc-3.4.6 --build=i386-pc-linux-gnu --host=i386-pc-linux-gnu --target=arm-linux-uclibc --enable-languages=c,c++ --disable-__cxa_atexit --enable-target-optspace --with-gnu-ld --enable-shared --disable-nls --enable-threads --disable-multilib --with-float=soft : (reconfigured) /home/project/CROSS_GCC/buildroot-20070310/toolchain_build_arm_nofpu/gcc-3.4.6/configure --prefix=/usr/local/arm-linux-uclibc-3.4.6 --build=i386-pc-linux-gnu --host=i386-pc-linux-gnu --target=arm-linux-uclibc --enable-languages=c,c++ --disable-__cxa_atexit --enable-target-optspace --with-gnu-ld --enable-shared --disable-nls --enable-threads --disable-multilib --with-float=soft
Thread model: posix
gcc version 3.4.6
configure:5102: $? = 0
configure:5091: arm-linux-gcc -V >&5
arm-linux-gcc: `-V' option must have argument
configure:5102: $? = 1
configure:5091: arm-linux-gcc -qversion >&5
arm-linux-gcc: unrecognized option `-qversion'
arm-linux-gcc: no input files
configure:5102: $? = 1
configure:5106: checking whether we are using the GNU C compiler
configure:5134: result: yes
configure:5143: checking whether arm-linux-gcc accepts -g
configure:5204: result: yes
configure:5221: checking for arm-linux-gcc option to accept ISO C89
configure:5298: result: none needed
configure:5320: checking dependency style of arm-linux-gcc
configure:5430: result: gcc3
configure:5446: checking whether ln -s works
configure:5450: result: yes
configure:5465: checking for arm-linux-strip
configure:5492: result: arm-linux-strip
configure:5582: checking for a sed that does not truncate output
configure:5646: result: /bin/sed
configure:5664: checking for fgrep
configure:5726: result: /bin/grep -F
configure:5761: checking for ld used by arm-linux-gcc
configure:5828: result: /home/dwmcqueen/Projects/snake-os/tools/arm-uclibc-3.4.6/arm-linux-uclibc/bin/ld
configure:5835: checking if the linker (/home/dwmcqueen/Projects/snake-os/tools/arm-uclibc-3.4.6/arm-linux-uclibc/bin/ld) is GNU ld
configure:5850: result: yes
configure:5862: checking for BSD- or MS-compatible name lister (nm)
configure:5911: result: /home/dwmcqueen/Projects/snake-os/tools/arm-uclibc-3.4.6/bin//arm-linux-nm -B
configure:6029: checking the name lister (/home/dwmcqueen/Projects/snake-os/tools/arm-uclibc-3.4.6/bin//arm-linux-nm -B) interface
configure:6036: arm-linux-gcc -c -Os -frename-registers -march=armv4  conftest.c >&5
configure:6039: /home/dwmcqueen/Projects/snake-os/tools/arm-uclibc-3.4.6/bin//arm-linux-nm -B "conftest.o"
configure:6042: output
00000000 B some_variable
configure:6049: result: BSD nm
configure:6053: checking the maximum length of command line arguments
configure:6173: result: 3458764513820540925
configure:6190: checking whether the shell understands some XSI constructs
configure:6200: result: yes
configure:6204: checking whether the shell understands "+="
configure:6210: result: yes
configure:6245: checking for /home/dwmcqueen/Projects/snake-os/tools/arm-uclibc-3.4.6/arm-linux-uclibc/bin/ld option to reload object files
configure:6252: result: -r
configure:6281: checking for arm-linux-objdump
configure:6297: found /home/dwmcqueen/Projects/snake-os/tools/arm-uclibc-3.4.6/bin//arm-linux-objdump
configure:6308: result: arm-linux-objdump
configure:6380: checking how to recognize dependent libraries
configure:6576: result: pass_all
configure:6596: checking for arm-linux-ar
configure:6612: found /home/dwmcqueen/Projects/snake-os/tools/arm-uclibc-3.4.6/bin//arm-linux-ar
configure:6623: result: arm-linux-ar
configure:6701: checking for arm-linux-strip
configure:6728: result: arm-linux-strip
configure:6800: checking for arm-linux-ranlib
configure:6816: found /home/dwmcqueen/Projects/snake-os/tools/arm-uclibc-3.4.6/bin//arm-linux-ranlib
configure:6827: result: arm-linux-ranlib
configure:6957: checking command to parse /home/dwmcqueen/Projects/snake-os/tools/arm-uclibc-3.4.6/bin//arm-linux-nm -B output from arm-linux-gcc object
configure:7075: arm-linux-gcc -c -Os -frename-registers -march=armv4  conftest.c >&5
configure:7078: $? = 0
configure:7082: /home/dwmcqueen/Projects/snake-os/tools/arm-uclibc-3.4.6/bin//arm-linux-nm -B conftest.o \| sed -n -e 's/^.*[	 ]\([ABCDGIRSTW][ABCDGIRSTW]*\)[	 ][	 ]*\([_A-Za-z][_A-Za-z0-9]*\)$/\1 \2 \2/p' \> conftest.nm
configure:7085: $? = 0
configure:7139: arm-linux-gcc -o conftest -Os -frename-registers -march=armv4   conftest.c conftstm.o >&5
configure:7142: $? = 0
configure:7180: result: ok
configure:7985: checking for dlfcn.h
configure:7985: arm-linux-gcc -c -Os -frename-registers -march=armv4  conftest.c >&5
configure:7985: $? = 0
configure:7985: result: yes
configure:8169: checking for objdir
configure:8184: result: .libs
configure:8480: checking if arm-linux-gcc supports -fno-rtti -fno-exceptions
configure:8498: arm-linux-gcc -c -Os -frename-registers -march=armv4  -fno-rtti -fno-exceptions conftest.c >&5
cc1: warning: command line option "-fno-rtti" is valid for C++/ObjC++ but not for C
configure:8502: $? = 0
configure:8515: result: no
configure:8535: checking for arm-linux-gcc option to produce PIC
configure:8807: result: -fPIC -DPIC
configure:8819: checking if arm-linux-gcc PIC flag -fPIC -DPIC works
configure:8837: arm-linux-gcc -c -Os -frename-registers -march=armv4  -fPIC -DPIC -DPIC conftest.c >&5
configure:8841: $? = 0
configure:8854: result: yes
configure:8878: checking if arm-linux-gcc static flag -static works
configure:8906: result: yes
configure:8921: checking if arm-linux-gcc supports -c -o file.o
configure:8942: arm-linux-gcc -c -Os -frename-registers -march=armv4  -o out/conftest2.o conftest.c >&5
configure:8946: $? = 0
configure:8968: result: yes
configure:8976: checking if arm-linux-gcc supports -c -o file.o
configure:9023: result: yes
configure:9056: checking whether the arm-linux-gcc linker (/home/dwmcqueen/Projects/snake-os/tools/arm-uclibc-3.4.6/arm-linux-uclibc/bin/ld) supports shared libraries
configure:10047: result: yes
configure:10286: checking dynamic linker characteristics
configure:10719: arm-linux-gcc -o conftest -Os -frename-registers -march=armv4   -Wl,-rpath -Wl,/foo conftest.c  >&5
configure:10719: $? = 0
configure:10949: result: GNU/Linux ld.so
configure:11051: checking how to hardcode library paths into programs
configure:11076: result: immediate
configure:11596: checking whether stripping libraries is possible
configure:11601: result: yes
configure:11636: checking if libtool supports shared libraries
configure:11638: result: yes
configure:11641: checking whether to build shared libraries
configure:11662: result: no
configure:11665: checking whether to build static libraries
configure:11669: result: yes
configure:11714: checking for arm-linux-pkg-config
configure:11747: result: no
configure:11757: checking for pkg-config
configure:11775: found /usr/bin/pkg-config
configure:11787: result: /usr/bin/pkg-config
configure:11799: WARNING: using cross tools not prefixed with host triplet
configure:11812: checking pkg-config is at least version 0.20
configure:11815: result: yes
configure:12314: checking for dirent.h that defines DIR
configure:12333: arm-linux-gcc -c -Os -frename-registers -march=armv4  conftest.c >&5
configure:12333: $? = 0
configure:12341: result: yes
configure:12354: checking for library containing opendir
configure:12385: arm-linux-gcc -o conftest -Os -frename-registers -march=armv4   conftest.c  >&5
configure:12385: $? = 0
configure:12402: result: none required
configure:12469: checking for ANSI C header files
configure:12573: result: yes
configure:12581: checking for sys/wait.h that is POSIX.1 compatible
configure:12607: arm-linux-gcc -c -Os -frename-registers -march=armv4  conftest.c >&5
configure:12607: $? = 0
configure:12614: result: yes
configure:12625: checking errno.h usability
configure:12625: arm-linux-gcc -c -Os -frename-registers -march=armv4  conftest.c >&5
configure:12625: $? = 0
configure:12625: result: yes
configure:12625: checking errno.h presence
configure:12625: arm-linux-gcc -E  conftest.c
configure:12625: $? = 0
configure:12625: result: yes
configure:12625: checking for errno.h
configure:12625: result: yes
configure:12625: checking fcntl.h usability
configure:12625: arm-linux-gcc -c -Os -frename-registers -march=armv4  conftest.c >&5
configure:12625: $? = 0
configure:12625: result: yes
configure:12625: checking fcntl.h presence
configure:12625: arm-linux-gcc -E  conftest.c
configure:12625: $? = 0
configure:12625: result: yes
configure:12625: checking for fcntl.h
configure:12625: result: yes
configure:12625: checking for memory.h
configure:12625: result: yes
configure:12625: checking regex.h usability
configure:12625: arm-linux-gcc -c -Os -frename-registers -march=armv4  conftest.c >&5
configure:12625: $? = 0
configure:12625: result: yes
configure:12625: checking regex.h presence
configure:12625: arm-linux-gcc -E  conftest.c
configure:12625: $? = 0
configure:12625: result: yes
configure:12625: checking for regex.h
configure:12625: result: yes
configure:12625: checking stddef.h usability
configure:12625: arm-linux-gcc -c -Os -frename-registers -march=armv4  conftest.c >&5
configure:12625: $? = 0
configure:12625: result: yes
configure:12625: checking stddef.h presence
configure:12625: arm-linux-gcc -E  conftest.c
configure:12625: $? = 0
configure:12625: result: yes
configure:12625: checking for stddef.h
configure:12625: result: yes
configure:12625: checking for stdlib.h
configure:12625: result: yes
configure:12625: checking for string.h
configure:12625: result: yes
configure:12625: checking for strings.h
configure:12625: result: yes
configure:12625: checking for unistd.h
configure:12625: result: yes
configure:12625: checking utime.h usability
configure:12625: arm-linux-gcc -c -Os -frename-registers -march=armv4  conftest.c >&5
configure:12625: $? = 0
configure:12625: result: yes
configure:12625: checking utime.h presence
configure:12625: arm-linux-gcc -E  conftest.c
configure:12625: $? = 0
configure:12625: result: yes
configure:12625: checking for utime.h
configure:12625: result: yes
configure:12637: checking for an ANSI C-conforming const
configure:12702: arm-linux-gcc -c -Os -frename-registers -march=armv4  conftest.c >&5
configure:12702: $? = 0
configure:12709: result: yes
configure:12717: checking for uid_t in sys/types.h
configure:12736: result: yes
configure:12747: checking for mode_t
configure:12747: arm-linux-gcc -c -Os -frename-registers -march=armv4  conftest.c >&5
configure:12747: $? = 0
configure:12747: arm-linux-gcc -c -Os -frename-registers -march=armv4  conftest.c >&5
conftest.c: In function `main':
conftest.c:78: error: syntax error before ')' token
configure:12747: $? = 1
configure: failed program was:
| /* confdefs.h */
| #define PACKAGE_NAME "opkg"
| #define PACKAGE_TARNAME "opkg"
| #define PACKAGE_VERSION "0.1.8"
| #define PACKAGE_STRING "opkg 0.1.8"
| #define PACKAGE_BUGREPORT ""
| #define PACKAGE_URL ""
| #define PACKAGE "opkg"
| #define VERSION "0.1.8"
| #define STDC_HEADERS 1
| #define HAVE_SYS_TYPES_H 1
| #define HAVE_SYS_STAT_H 1
| #define HAVE_STDLIB_H 1
| #define HAVE_STRING_H 1
| #define HAVE_MEMORY_H 1
| #define HAVE_STRINGS_H 1
| #define HAVE_INTTYPES_H 1
| #define HAVE_STDINT_H 1
| #define HAVE_UNISTD_H 1
| #define __EXTENSIONS__ 1
| #define _ALL_SOURCE 1
| #define _GNU_SOURCE 1
| #define _POSIX_PTHREAD_SEMANTICS 1
| #define _TANDEM_SOURCE 1
| #define _FILE_OFFSET_BITS 64
| #define HAVE_DLFCN_H 1
| #define LT_OBJDIR ".libs/"
| #define HAVE_DIRENT_H 1
| #define STDC_HEADERS 1
| #define HAVE_SYS_WAIT_H 1
| #define HAVE_ERRNO_H 1
| #define HAVE_FCNTL_H 1
| #define HAVE_MEMORY_H 1
| #define HAVE_REGEX_H 1
| #define HAVE_STDDEF_H 1
| #define HAVE_STDLIB_H 1
| #define HAVE_STRING_H 1
| #define HAVE_STRINGS_H 1
| #define HAVE_UNISTD_H 1
| #define HAVE_UTIME_H 1
| /* end confdefs.h.  */
| #include <stdio.h>
| #ifdef HAVE_SYS_TYPES_H
| # include <sys/types.h>
| #endif
| #ifdef HAVE_SYS_STAT_H
| # include <sys/stat.h>
| #endif
| #ifdef STDC_HEADERS
| # include <stdlib.h>
| # include <stddef.h>
| #else
| # ifdef HAVE_STDLIB_H
| #  include <stdlib.h>
| # endif
| #endif
| #ifdef HAVE_STRING_H
| # if !defined STDC_HEADERS && defined HAVE_MEMORY_H
| #  include <memory.h>
| # endif
| # include <string.h>
| #endif
| #ifdef HAVE_STRINGS_H
| # include <strings.h>
| #endif
| #ifdef HAVE_INTTYPES_H
| # include <inttypes.h>
| #endif
| #ifdef HAVE_STDINT_H
| # include <stdint.h>
| #endif
| #ifdef HAVE_UNISTD_H
| # include <unistd.h>
| #endif
| int
| main ()
| {
| if (sizeof ((mode_t)))
| 	    return 0;
|   ;
|   return 0;
| }
configure:12747: result: yes
configure:12758: checking for off_t
configure:12758: arm-linux-gcc -c -Os -frename-registers -march=armv4  conftest.c >&5
configure:12758: $? = 0
configure:12758: arm-linux-gcc -c -Os -frename-registers -march=armv4  conftest.c >&5
conftest.c: In function `main':
conftest.c:78: error: syntax error before ')' token
configure:12758: $? = 1
configure: failed program was:
| /* confdefs.h */
| #define PACKAGE_NAME "opkg"
| #define PACKAGE_TARNAME "opkg"
| #define PACKAGE_VERSION "0.1.8"
| #define PACKAGE_STRING "opkg 0.1.8"
| #define PACKAGE_BUGREPORT ""
| #define PACKAGE_URL ""
| #define PACKAGE "opkg"
| #define VERSION "0.1.8"
| #define STDC_HEADERS 1
| #define HAVE_SYS_TYPES_H 1
| #define HAVE_SYS_STAT_H 1
| #define HAVE_STDLIB_H 1
| #define HAVE_STRING_H 1
| #define HAVE_MEMORY_H 1
| #define HAVE_STRINGS_H 1
| #define HAVE_INTTYPES_H 1
| #define HAVE_STDINT_H 1
| #define HAVE_UNISTD_H 1
| #define __EXTENSIONS__ 1
| #define _ALL_SOURCE 1
| #define _GNU_SOURCE 1
| #define _POSIX_PTHREAD_SEMANTICS 1
| #define _TANDEM_SOURCE 1
| #define _FILE_OFFSET_BITS 64
| #define HAVE_DLFCN_H 1
| #define LT_OBJDIR ".libs/"
| #define HAVE_DIRENT_H 1
| #define STDC_HEADERS 1
| #define HAVE_SYS_WAIT_H 1
| #define HAVE_ERRNO_H 1
| #define HAVE_FCNTL_H 1
| #define HAVE_MEMORY_H 1
| #define HAVE_REGEX_H 1
| #define HAVE_STDDEF_H 1
| #define HAVE_STDLIB_H 1
| #define HAVE_STRING_H 1
| #define HAVE_STRINGS_H 1
| #define HAVE_UNISTD_H 1
| #define HAVE_UTIME_H 1
| /* end confdefs.h.  */
| #include <stdio.h>
| #ifdef HAVE_SYS_TYPES_H
| # include <sys/types.h>
| #endif
| #ifdef HAVE_SYS_STAT_H
| # include <sys/stat.h>
| #endif
| #ifdef STDC_HEADERS
| # include <stdlib.h>
| # include <stddef.h>
| #else
| # ifdef HAVE_STDLIB_H
| #  include <stdlib.h>
| # endif
| #endif
| #ifdef HAVE_STRING_H
| # if !defined STDC_HEADERS && defined HAVE_MEMORY_H
| #  include <memory.h>
| # endif
| # include <string.h>
| #endif
| #ifdef HAVE_STRINGS_H
| # include <strings.h>
| #endif
| #ifdef HAVE_INTTYPES_H
| # include <inttypes.h>
| #endif
| #ifdef HAVE_STDINT_H
| # include <stdint.h>
| #endif
| #ifdef HAVE_UNISTD_H
| # include <unistd.h>
| #endif
| int
| main ()
| {
| if (sizeof ((off_t)))
| 	    return 0;
|   ;
|   return 0;
| }
configure:12758: result: yes
configure:12769: checking for pid_t
configure:12769: arm-linux-gcc -c -Os -frename-registers -march=armv4  conftest.c >&5
configure:12769: $? = 0
configure:12769: arm-linux-gcc -c -Os -frename-registers -march=armv4  conftest.c >&5
conftest.c: In function `main':
conftest.c:78: error: syntax error before ')' token
configure:12769: $? = 1
configure: failed program was:
| /* confdefs.h */
| #define PACKAGE_NAME "opkg"
| #define PACKAGE_TARNAME "opkg"
| #define PACKAGE_VERSION "0.1.8"
| #define PACKAGE_STRING "opkg 0.1.8"
| #define PACKAGE_BUGREPORT ""
| #define PACKAGE_URL ""
| #define PACKAGE "opkg"
| #define VERSION "0.1.8"
| #define STDC_HEADERS 1
| #define HAVE_SYS_TYPES_H 1
| #define HAVE_SYS_STAT_H 1
| #define HAVE_STDLIB_H 1
| #define HAVE_STRING_H 1
| #define HAVE_MEMORY_H 1
| #define HAVE_STRINGS_H 1
| #define HAVE_INTTYPES_H 1
| #define HAVE_STDINT_H 1
| #define HAVE_UNISTD_H 1
| #define __EXTENSIONS__ 1
| #define _ALL_SOURCE 1
| #define _GNU_SOURCE 1
| #define _POSIX_PTHREAD_SEMANTICS 1
| #define _TANDEM_SOURCE 1
| #define _FILE_OFFSET_BITS 64
| #define HAVE_DLFCN_H 1
| #define LT_OBJDIR ".libs/"
| #define HAVE_DIRENT_H 1
| #define STDC_HEADERS 1
| #define HAVE_SYS_WAIT_H 1
| #define HAVE_ERRNO_H 1
| #define HAVE_FCNTL_H 1
| #define HAVE_MEMORY_H 1
| #define HAVE_REGEX_H 1
| #define HAVE_STDDEF_H 1
| #define HAVE_STDLIB_H 1
| #define HAVE_STRING_H 1
| #define HAVE_STRINGS_H 1
| #define HAVE_UNISTD_H 1
| #define HAVE_UTIME_H 1
| /* end confdefs.h.  */
| #include <stdio.h>
| #ifdef HAVE_SYS_TYPES_H
| # include <sys/types.h>
| #endif
| #ifdef HAVE_SYS_STAT_H
| # include <sys/stat.h>
| #endif
| #ifdef STDC_HEADERS
| # include <stdlib.h>
| # include <stddef.h>
| #else
| # ifdef HAVE_STDLIB_H
| #  include <stdlib.h>
| # endif
| #endif
| #ifdef HAVE_STRING_H
| # if !defined STDC_HEADERS && defined HAVE_MEMORY_H
| #  include <memory.h>
| # endif
| # include <string.h>
| #endif
| #ifdef HAVE_STRINGS_H
| # include <strings.h>
| #endif
| #ifdef HAVE_INTTYPES_H
| # include <inttypes.h>
| #endif
| #ifdef HAVE_STDINT_H
| # include <stdint.h>
| #endif
| #ifdef HAVE_UNISTD_H
| # include <unistd.h>
| #endif
| int
| main ()
| {
| if (sizeof ((pid_t)))
| 	    return 0;
|   ;
|   return 0;
| }
configure:12769: result: yes
configure:12780: checking for size_t
configure:12780: arm-linux-gcc -c -Os -frename-registers -march=armv4  conftest.c >&5
configure:12780: $? = 0
configure:12780: arm-linux-gcc -c -Os -frename-registers -march=armv4  conftest.c >&5
conftest.c: In function `main':
conftest.c:78: error: syntax error before ')' token
configure:12780: $? = 1
configure: failed program was:
| /* confdefs.h */
| #define PACKAGE_NAME "opkg"
| #define PACKAGE_TARNAME "opkg"
| #define PACKAGE_VERSION "0.1.8"
| #define PACKAGE_STRING "opkg 0.1.8"
| #define PACKAGE_BUGREPORT ""
| #define PACKAGE_URL ""
| #define PACKAGE "opkg"
| #define VERSION "0.1.8"
| #define STDC_HEADERS 1
| #define HAVE_SYS_TYPES_H 1
| #define HAVE_SYS_STAT_H 1
| #define HAVE_STDLIB_H 1
| #define HAVE_STRING_H 1
| #define HAVE_MEMORY_H 1
| #define HAVE_STRINGS_H 1
| #define HAVE_INTTYPES_H 1
| #define HAVE_STDINT_H 1
| #define HAVE_UNISTD_H 1
| #define __EXTENSIONS__ 1
| #define _ALL_SOURCE 1
| #define _GNU_SOURCE 1
| #define _POSIX_PTHREAD_SEMANTICS 1
| #define _TANDEM_SOURCE 1
| #define _FILE_OFFSET_BITS 64
| #define HAVE_DLFCN_H 1
| #define LT_OBJDIR ".libs/"
| #define HAVE_DIRENT_H 1
| #define STDC_HEADERS 1
| #define HAVE_SYS_WAIT_H 1
| #define HAVE_ERRNO_H 1
| #define HAVE_FCNTL_H 1
| #define HAVE_MEMORY_H 1
| #define HAVE_REGEX_H 1
| #define HAVE_STDDEF_H 1
| #define HAVE_STDLIB_H 1
| #define HAVE_STRING_H 1
| #define HAVE_STRINGS_H 1
| #define HAVE_UNISTD_H 1
| #define HAVE_UTIME_H 1
| /* end confdefs.h.  */
| #include <stdio.h>
| #ifdef HAVE_SYS_TYPES_H
| # include <sys/types.h>
| #endif
| #ifdef HAVE_SYS_STAT_H
| # include <sys/stat.h>
| #endif
| #ifdef STDC_HEADERS
| # include <stdlib.h>
| # include <stddef.h>
| #else
| # ifdef HAVE_STDLIB_H
| #  include <stdlib.h>
| # endif
| #endif
| #ifdef HAVE_STRING_H
| # if !defined STDC_HEADERS && defined HAVE_MEMORY_H
| #  include <memory.h>
| # endif
| # include <string.h>
| #endif
| #ifdef HAVE_STRINGS_H
| # include <strings.h>
| #endif
| #ifdef HAVE_INTTYPES_H
| # include <inttypes.h>
| #endif
| #ifdef HAVE_STDINT_H
| # include <stdint.h>
| #endif
| #ifdef HAVE_UNISTD_H
| # include <unistd.h>
| #endif
| int
| main ()
| {
| if (sizeof ((size_t)))
| 	    return 0;
|   ;
|   return 0;
| }
configure:12780: result: yes
configure:12791: checking for struct stat.st_rdev
configure:12791: arm-linux-gcc -c -Os -frename-registers -march=armv4  conftest.c >&5
configure:12791: $? = 0
configure:12791: result: yes
configure:12803: checking whether byte ordering is bigendian
configure:12818: arm-linux-gcc -c -Os -frename-registers -march=armv4  conftest.c >&5
conftest.c:44: error: syntax error before "a"
conftest.c:46: error: syntax error before "typedef"
configure:12818: $? = 1
configure: failed program was:
| /* confdefs.h */
| #define PACKAGE_NAME "opkg"
| #define PACKAGE_TARNAME "opkg"
| #define PACKAGE_VERSION "0.1.8"
| #define PACKAGE_STRING "opkg 0.1.8"
| #define PACKAGE_BUGREPORT ""
| #define PACKAGE_URL ""
| #define PACKAGE "opkg"
| #define VERSION "0.1.8"
| #define STDC_HEADERS 1
| #define HAVE_SYS_TYPES_H 1
| #define HAVE_SYS_STAT_H 1
| #define HAVE_STDLIB_H 1
| #define HAVE_STRING_H 1
| #define HAVE_MEMORY_H 1
| #define HAVE_STRINGS_H 1
| #define HAVE_INTTYPES_H 1
| #define HAVE_STDINT_H 1
| #define HAVE_UNISTD_H 1
| #define __EXTENSIONS__ 1
| #define _ALL_SOURCE 1
| #define _GNU_SOURCE 1
| #define _POSIX_PTHREAD_SEMANTICS 1
| #define _TANDEM_SOURCE 1
| #define _FILE_OFFSET_BITS 64
| #define HAVE_DLFCN_H 1
| #define LT_OBJDIR ".libs/"
| #define HAVE_DIRENT_H 1
| #define STDC_HEADERS 1
| #define HAVE_SYS_WAIT_H 1
| #define HAVE_ERRNO_H 1
| #define HAVE_FCNTL_H 1
| #define HAVE_MEMORY_H 1
| #define HAVE_REGEX_H 1
| #define HAVE_STDDEF_H 1
| #define HAVE_STDLIB_H 1
| #define HAVE_STRING_H 1
| #define HAVE_STRINGS_H 1
| #define HAVE_UNISTD_H 1
| #define HAVE_UTIME_H 1
| #define HAVE_STRUCT_STAT_ST_RDEV 1
| /* end confdefs.h.  */
| #ifndef __APPLE_CC__
| 	       not a universal capable compiler
| 	     #endif
| 	     typedef int dummy;
| 
configure:12863: arm-linux-gcc -c -Os -frename-registers -march=armv4  conftest.c >&5
configure:12863: $? = 0
configure:12881: arm-linux-gcc -c -Os -frename-registers -march=armv4  conftest.c >&5
conftest.c: In function `main':
conftest.c:50: error: `not' undeclared (first use in this function)
conftest.c:50: error: (Each undeclared identifier is reported only once
conftest.c:50: error: for each function it appears in.)
conftest.c:50: error: syntax error before "big"
configure:12881: $? = 1
configure: failed program was:
| /* confdefs.h */
| #define PACKAGE_NAME "opkg"
| #define PACKAGE_TARNAME "opkg"
| #define PACKAGE_VERSION "0.1.8"
| #define PACKAGE_STRING "opkg 0.1.8"
| #define PACKAGE_BUGREPORT ""
| #define PACKAGE_URL ""
| #define PACKAGE "opkg"
| #define VERSION "0.1.8"
| #define STDC_HEADERS 1
| #define HAVE_SYS_TYPES_H 1
| #define HAVE_SYS_STAT_H 1
| #define HAVE_STDLIB_H 1
| #define HAVE_STRING_H 1
| #define HAVE_MEMORY_H 1
| #define HAVE_STRINGS_H 1
| #define HAVE_INTTYPES_H 1
| #define HAVE_STDINT_H 1
| #define HAVE_UNISTD_H 1
| #define __EXTENSIONS__ 1
| #define _ALL_SOURCE 1
| #define _GNU_SOURCE 1
| #define _POSIX_PTHREAD_SEMANTICS 1
| #define _TANDEM_SOURCE 1
| #define _FILE_OFFSET_BITS 64
| #define HAVE_DLFCN_H 1
| #define LT_OBJDIR ".libs/"
| #define HAVE_DIRENT_H 1
| #define STDC_HEADERS 1
| #define HAVE_SYS_WAIT_H 1
| #define HAVE_ERRNO_H 1
| #define HAVE_FCNTL_H 1
| #define HAVE_MEMORY_H 1
| #define HAVE_REGEX_H 1
| #define HAVE_STDDEF_H 1
| #define HAVE_STDLIB_H 1
| #define HAVE_STRING_H 1
| #define HAVE_STRINGS_H 1
| #define HAVE_UNISTD_H 1
| #define HAVE_UTIME_H 1
| #define HAVE_STRUCT_STAT_ST_RDEV 1
| /* end confdefs.h.  */
| #include <sys/types.h>
| 		#include <sys/param.h>
| 
| int
| main ()
| {
| #if BYTE_ORDER != BIG_ENDIAN
| 		 not big endian
| 		#endif
| 
|   ;
|   return 0;
| }
configure:13009: result: no
configure:13037: checking for unistd.h
configure:13037: result: yes
configure:13047: checking for working chown
configure:13092: result: no
configure:13102: checking vfork.h usability
configure:13102: arm-linux-gcc -c -Os -frename-registers -march=armv4  conftest.c >&5
conftest.c:77:19: vfork.h: No such file or directory
configure:13102: $? = 1
configure: failed program was:
| /* confdefs.h */
| #define PACKAGE_NAME "opkg"
| #define PACKAGE_TARNAME "opkg"
| #define PACKAGE_VERSION "0.1.8"
| #define PACKAGE_STRING "opkg 0.1.8"
| #define PACKAGE_BUGREPORT ""
| #define PACKAGE_URL ""
| #define PACKAGE "opkg"
| #define VERSION "0.1.8"
| #define STDC_HEADERS 1
| #define HAVE_SYS_TYPES_H 1
| #define HAVE_SYS_STAT_H 1
| #define HAVE_STDLIB_H 1
| #define HAVE_STRING_H 1
| #define HAVE_MEMORY_H 1
| #define HAVE_STRINGS_H 1
| #define HAVE_INTTYPES_H 1
| #define HAVE_STDINT_H 1
| #define HAVE_UNISTD_H 1
| #define __EXTENSIONS__ 1
| #define _ALL_SOURCE 1
| #define _GNU_SOURCE 1
| #define _POSIX_PTHREAD_SEMANTICS 1
| #define _TANDEM_SOURCE 1
| #define _FILE_OFFSET_BITS 64
| #define HAVE_DLFCN_H 1
| #define LT_OBJDIR ".libs/"
| #define HAVE_DIRENT_H 1
| #define STDC_HEADERS 1
| #define HAVE_SYS_WAIT_H 1
| #define HAVE_ERRNO_H 1
| #define HAVE_FCNTL_H 1
| #define HAVE_MEMORY_H 1
| #define HAVE_REGEX_H 1
| #define HAVE_STDDEF_H 1
| #define HAVE_STDLIB_H 1
| #define HAVE_STRING_H 1
| #define HAVE_STRINGS_H 1
| #define HAVE_UNISTD_H 1
| #define HAVE_UTIME_H 1
| #define HAVE_STRUCT_STAT_ST_RDEV 1
| #define HAVE_UNISTD_H 1
| /* end confdefs.h.  */
| #include <stdio.h>
| #ifdef HAVE_SYS_TYPES_H
| # include <sys/types.h>
| #endif
| #ifdef HAVE_SYS_STAT_H
| # include <sys/stat.h>
| #endif
| #ifdef STDC_HEADERS
| # include <stdlib.h>
| # include <stddef.h>
| #else
| # ifdef HAVE_STDLIB_H
| #  include <stdlib.h>
| # endif
| #endif
| #ifdef HAVE_STRING_H
| # if !defined STDC_HEADERS && defined HAVE_MEMORY_H
| #  include <memory.h>
| # endif
| # include <string.h>
| #endif
| #ifdef HAVE_STRINGS_H
| # include <strings.h>
| #endif
| #ifdef HAVE_INTTYPES_H
| # include <inttypes.h>
| #endif
| #ifdef HAVE_STDINT_H
| # include <stdint.h>
| #endif
| #ifdef HAVE_UNISTD_H
| # include <unistd.h>
| #endif
| #include <vfork.h>
configure:13102: result: no
configure:13102: checking vfork.h presence
configure:13102: arm-linux-gcc -E  conftest.c
conftest.c:44:19: vfork.h: No such file or directory
configure:13102: $? = 1
configure: failed program was:
| /* confdefs.h */
| #define PACKAGE_NAME "opkg"
| #define PACKAGE_TARNAME "opkg"
| #define PACKAGE_VERSION "0.1.8"
| #define PACKAGE_STRING "opkg 0.1.8"
| #define PACKAGE_BUGREPORT ""
| #define PACKAGE_URL ""
| #define PACKAGE "opkg"
| #define VERSION "0.1.8"
| #define STDC_HEADERS 1
| #define HAVE_SYS_TYPES_H 1
| #define HAVE_SYS_STAT_H 1
| #define HAVE_STDLIB_H 1
| #define HAVE_STRING_H 1
| #define HAVE_MEMORY_H 1
| #define HAVE_STRINGS_H 1
| #define HAVE_INTTYPES_H 1
| #define HAVE_STDINT_H 1
| #define HAVE_UNISTD_H 1
| #define __EXTENSIONS__ 1
| #define _ALL_SOURCE 1
| #define _GNU_SOURCE 1
| #define _POSIX_PTHREAD_SEMANTICS 1
| #define _TANDEM_SOURCE 1
| #define _FILE_OFFSET_BITS 64
| #define HAVE_DLFCN_H 1
| #define LT_OBJDIR ".libs/"
| #define HAVE_DIRENT_H 1
| #define STDC_HEADERS 1
| #define HAVE_SYS_WAIT_H 1
| #define HAVE_ERRNO_H 1
| #define HAVE_FCNTL_H 1
| #define HAVE_MEMORY_H 1
| #define HAVE_REGEX_H 1
| #define HAVE_STDDEF_H 1
| #define HAVE_STDLIB_H 1
| #define HAVE_STRING_H 1
| #define HAVE_STRINGS_H 1
| #define HAVE_UNISTD_H 1
| #define HAVE_UTIME_H 1
| #define HAVE_STRUCT_STAT_ST_RDEV 1
| #define HAVE_UNISTD_H 1
| /* end confdefs.h.  */
| #include <vfork.h>
configure:13102: result: no
configure:13102: checking for vfork.h
configure:13102: result: no
configure:13115: checking for fork
configure:13115: arm-linux-gcc -o conftest -Os -frename-registers -march=armv4   conftest.c  >&5
configure:13115: $? = 0
configure:13115: result: yes
configure:13115: checking for vfork
configure:13115: arm-linux-gcc -o conftest -Os -frename-registers -march=armv4   conftest.c  >&5
configure:13115: $? = 0
configure:13115: result: yes
configure:13125: checking for working fork
configure:13157: result: cross
configure:13173: WARNING: result yes guessed because of cross compilation
configure:13178: checking for working vfork
configure:13288: result: yes
configure:13313: checking return type of signal handlers
configure:13331: arm-linux-gcc -c -Os -frename-registers -march=armv4  conftest.c >&5
conftest.c: In function `main':
conftest.c:54: error: void value not ignored as it ought to be
configure:13331: $? = 1
configure: failed program was:
| /* confdefs.h */
| #define PACKAGE_NAME "opkg"
| #define PACKAGE_TARNAME "opkg"
| #define PACKAGE_VERSION "0.1.8"
| #define PACKAGE_STRING "opkg 0.1.8"
| #define PACKAGE_BUGREPORT ""
| #define PACKAGE_URL ""
| #define PACKAGE "opkg"
| #define VERSION "0.1.8"
| #define STDC_HEADERS 1
| #define HAVE_SYS_TYPES_H 1
| #define HAVE_SYS_STAT_H 1
| #define HAVE_STDLIB_H 1
| #define HAVE_STRING_H 1
| #define HAVE_MEMORY_H 1
| #define HAVE_STRINGS_H 1
| #define HAVE_INTTYPES_H 1
| #define HAVE_STDINT_H 1
| #define HAVE_UNISTD_H 1
| #define __EXTENSIONS__ 1
| #define _ALL_SOURCE 1
| #define _GNU_SOURCE 1
| #define _POSIX_PTHREAD_SEMANTICS 1
| #define _TANDEM_SOURCE 1
| #define _FILE_OFFSET_BITS 64
| #define HAVE_DLFCN_H 1
| #define LT_OBJDIR ".libs/"
| #define HAVE_DIRENT_H 1
| #define STDC_HEADERS 1
| #define HAVE_SYS_WAIT_H 1
| #define HAVE_ERRNO_H 1
| #define HAVE_FCNTL_H 1
| #define HAVE_MEMORY_H 1
| #define HAVE_REGEX_H 1
| #define HAVE_STDDEF_H 1
| #define HAVE_STDLIB_H 1
| #define HAVE_STRING_H 1
| #define HAVE_STRINGS_H 1
| #define HAVE_UNISTD_H 1
| #define HAVE_UTIME_H 1
| #define HAVE_STRUCT_STAT_ST_RDEV 1
| #define HAVE_UNISTD_H 1
| #define HAVE_FORK 1
| #define HAVE_VFORK 1
| #define HAVE_WORKING_VFORK 1
| #define HAVE_WORKING_FORK 1
| /* end confdefs.h.  */
| #include <sys/types.h>
| #include <signal.h>
| 
| int
| main ()
| {
| return *(signal (0, 0)) (0) == 1;
|   ;
|   return 0;
| }
configure:13338: result: void
configure:13352: checking for utime.h
configure:13352: result: yes
configure:13366: checking whether utime accepts a null argument
configure:13405: result: guessing yes
configure:13417: checking for vprintf
configure:13417: arm-linux-gcc -o conftest -Os -frename-registers -march=armv4   conftest.c  >&5
conftest.c:74: warning: conflicting types for built-in function 'vprintf'
configure:13417: $? = 0
configure:13417: result: yes
configure:13423: checking for _doprnt
configure:13423: arm-linux-gcc -o conftest -Os -frename-registers -march=armv4   conftest.c  >&5
/tmp/ccgUV2VL.o: In function `main':
conftest.c:(.text+0x4): undefined reference to `_doprnt'
collect2: ld returned 1 exit status
configure:13423: $? = 1
configure: failed program was:
| /* confdefs.h */
| #define PACKAGE_NAME "opkg"
| #define PACKAGE_TARNAME "opkg"
| #define PACKAGE_VERSION "0.1.8"
| #define PACKAGE_STRING "opkg 0.1.8"
| #define PACKAGE_BUGREPORT ""
| #define PACKAGE_URL ""
| #define PACKAGE "opkg"
| #define VERSION "0.1.8"
| #define STDC_HEADERS 1
| #define HAVE_SYS_TYPES_H 1
| #define HAVE_SYS_STAT_H 1
| #define HAVE_STDLIB_H 1
| #define HAVE_STRING_H 1
| #define HAVE_MEMORY_H 1
| #define HAVE_STRINGS_H 1
| #define HAVE_INTTYPES_H 1
| #define HAVE_STDINT_H 1
| #define HAVE_UNISTD_H 1
| #define __EXTENSIONS__ 1
| #define _ALL_SOURCE 1
| #define _GNU_SOURCE 1
| #define _POSIX_PTHREAD_SEMANTICS 1
| #define _TANDEM_SOURCE 1
| #define _FILE_OFFSET_BITS 64
| #define HAVE_DLFCN_H 1
| #define LT_OBJDIR ".libs/"
| #define HAVE_DIRENT_H 1
| #define STDC_HEADERS 1
| #define HAVE_SYS_WAIT_H 1
| #define HAVE_ERRNO_H 1
| #define HAVE_FCNTL_H 1
| #define HAVE_MEMORY_H 1
| #define HAVE_REGEX_H 1
| #define HAVE_STDDEF_H 1
| #define HAVE_STDLIB_H 1
| #define HAVE_STRING_H 1
| #define HAVE_STRINGS_H 1
| #define HAVE_UNISTD_H 1
| #define HAVE_UTIME_H 1
| #define HAVE_STRUCT_STAT_ST_RDEV 1
| #define HAVE_UNISTD_H 1
| #define HAVE_FORK 1
| #define HAVE_VFORK 1
| #define HAVE_WORKING_VFORK 1
| #define HAVE_WORKING_FORK 1
| #define RETSIGTYPE void
| #define HAVE_UTIME_H 1
| #define HAVE_UTIME_NULL 1
| #define HAVE_VPRINTF 1
| /* end confdefs.h.  */
| /* Define _doprnt to an innocuous variant, in case <limits.h> declares _doprnt.
|    For example, HP-UX 11i <limits.h> declares gettimeofday.  */
| #define _doprnt innocuous__doprnt
| 
| /* System header to define __stub macros and hopefully few prototypes,
|     which can conflict with char _doprnt (); below.
|     Prefer <limits.h> to <assert.h> if __STDC__ is defined, since
|     <limits.h> exists even on freestanding compilers.  */
| 
| #ifdef __STDC__
| # include <limits.h>
| #else
| # include <assert.h>
| #endif
| 
| #undef _doprnt
| 
| /* Override any GCC internal prototype to avoid an error.
|    Use char because int might match the return type of a GCC
|    builtin and then its argument prototype would still apply.  */
| #ifdef __cplusplus
| extern "C"
| #endif
| char _doprnt ();
| /* The GNU C library defines this for functions which it implements
|     to always fail with ENOSYS.  Some functions are actually named
|     something starting with __ and the normal name is an alias.  */
| #if defined __stub__doprnt || defined __stub____doprnt
| choke me
| #endif
| 
| int
| main ()
| {
| return _doprnt ();
|   ;
|   return 0;
| }
configure:13423: result: no
configure:13437: checking for memmove
configure:13437: arm-linux-gcc -o conftest -Os -frename-registers -march=armv4   conftest.c  >&5
conftest.c:75: warning: conflicting types for built-in function 'memmove'
configure:13437: $? = 0
configure:13437: result: yes
configure:13437: checking for memset
configure:13437: arm-linux-gcc -o conftest -Os -frename-registers -march=armv4   conftest.c  >&5
conftest.c:76: warning: conflicting types for built-in function 'memset'
configure:13437: $? = 0
configure:13437: result: yes
configure:13437: checking for mkdir
configure:13437: arm-linux-gcc -o conftest -Os -frename-registers -march=armv4   conftest.c  >&5
configure:13437: $? = 0
configure:13437: result: yes
configure:13437: checking for regcomp
configure:13437: arm-linux-gcc -o conftest -Os -frename-registers -march=armv4   conftest.c  >&5
configure:13437: $? = 0
configure:13437: result: yes
configure:13437: checking for strchr
configure:13437: arm-linux-gcc -o conftest -Os -frename-registers -march=armv4   conftest.c  >&5
conftest.c:79: warning: conflicting types for built-in function 'strchr'
configure:13437: $? = 0
configure:13437: result: yes
configure:13437: checking for strcspn
configure:13437: arm-linux-gcc -o conftest -Os -frename-registers -march=armv4   conftest.c  >&5
conftest.c:80: warning: conflicting types for built-in function 'strcspn'
configure:13437: $? = 0
configure:13437: result: yes
configure:13437: checking for strdup
configure:13437: arm-linux-gcc -o conftest -Os -frename-registers -march=armv4   conftest.c  >&5
conftest.c:81: warning: conflicting types for built-in function 'strdup'
configure:13437: $? = 0
configure:13437: result: yes
configure:13437: checking for strerror
configure:13437: arm-linux-gcc -o conftest -Os -frename-registers -march=armv4   conftest.c  >&5
configure:13437: $? = 0
configure:13437: result: yes
configure:13437: checking for strndup
configure:13437: arm-linux-gcc -o conftest -Os -frename-registers -march=armv4   conftest.c  >&5
configure:13437: $? = 0
configure:13437: result: yes
configure:13437: checking for strrchr
configure:13437: arm-linux-gcc -o conftest -Os -frename-registers -march=armv4   conftest.c  >&5
conftest.c:84: warning: conflicting types for built-in function 'strrchr'
configure:13437: $? = 0
configure:13437: result: yes
configure:13437: checking for strstr
configure:13437: arm-linux-gcc -o conftest -Os -frename-registers -march=armv4   conftest.c  >&5
conftest.c:85: warning: conflicting types for built-in function 'strstr'
configure:13437: $? = 0
configure:13437: result: yes
configure:13437: checking for strtol
configure:13437: arm-linux-gcc -o conftest -Os -frename-registers -march=armv4   conftest.c  >&5
configure:13437: $? = 0
configure:13437: result: yes
configure:13437: checking for strtoul
configure:13437: arm-linux-gcc -o conftest -Os -frename-registers -march=armv4   conftest.c  >&5
configure:13437: $? = 0
configure:13437: result: yes
configure:13437: checking for sysinfo
configure:13437: arm-linux-gcc -o conftest -Os -frename-registers -march=armv4   conftest.c  >&5
configure:13437: $? = 0
configure:13437: result: yes
configure:13437: checking for utime
configure:13437: arm-linux-gcc -o conftest -Os -frename-registers -march=armv4   conftest.c  >&5
configure:13437: $? = 0
configure:13437: result: yes
configure:13538: checking for sed
configure:13566: result: /bin/sed
configure:13738: creating ./config.status

## ---------------------- ##
## Running config.status. ##
## ---------------------- ##

This file was extended by opkg config.status 0.1.8, which was
generated by GNU Autoconf 2.67.  Invocation command line was

  CONFIG_FILES    = 
  CONFIG_HEADERS  = 
  CONFIG_LINKS    = 
  CONFIG_COMMANDS = 
  $ ./config.status 

on dev-machine

config.status:1154: creating Makefile
config.status:1154: creating libopkg/Makefile
config.status:1154: creating tests/Makefile
config.status:1154: creating src/Makefile
config.status:1154: creating libbb/Makefile
config.status:1154: creating utils/Makefile
config.status:1154: creating utils/update-alternatives
config.status:1154: creating libopkg.pc
config.status:1154: creating shave/shave
config.status:1154: creating shave/shave-libtool
config.status:1154: creating man/Makefile
config.status:1154: creating man/opkg-cl.1
config.status:1154: creating man/opkg-key.1
config.status:1154: creating libopkg/config.h
config.status:1334: libopkg/config.h is unchanged
config.status:1382: executing depfiles commands
config.status:1382: executing libtool commands

## ---------------- ##
## Cache variables. ##
## ---------------- ##

ac_cv_build=arm-unknown-linux-uclibc
ac_cv_c_bigendian=no
ac_cv_c_compiler_gnu=yes
ac_cv_c_const=yes
ac_cv_env_CC_set=set
ac_cv_env_CC_value=arm-linux-gcc
ac_cv_env_CFLAGS_set=set
ac_cv_env_CFLAGS_value='-Os -frename-registers -march=armv4'
ac_cv_env_CPPFLAGS_set=
ac_cv_env_CPPFLAGS_value=
ac_cv_env_CPP_set=
ac_cv_env_CPP_value=
ac_cv_env_CURL_CFLAGS_set=
ac_cv_env_CURL_CFLAGS_value=
ac_cv_env_CURL_LIBS_set=
ac_cv_env_CURL_LIBS_value=
ac_cv_env_LDFLAGS_set=
ac_cv_env_LDFLAGS_value=
ac_cv_env_LIBS_set=
ac_cv_env_LIBS_value=
ac_cv_env_OPENSSL_CFLAGS_set=
ac_cv_env_OPENSSL_CFLAGS_value=
ac_cv_env_OPENSSL_LIBS_set=
ac_cv_env_OPENSSL_LIBS_value=
ac_cv_env_PATHFINDER_CFLAGS_set=
ac_cv_env_PATHFINDER_CFLAGS_value=
ac_cv_env_PATHFINDER_LIBS_set=
ac_cv_env_PATHFINDER_LIBS_value=
ac_cv_env_PKG_CONFIG_LIBDIR_set=
ac_cv_env_PKG_CONFIG_LIBDIR_value=
ac_cv_env_PKG_CONFIG_PATH_set=
ac_cv_env_PKG_CONFIG_PATH_value=
ac_cv_env_PKG_CONFIG_set=
ac_cv_env_PKG_CONFIG_value=
ac_cv_env_build_alias_set=set
ac_cv_env_build_alias_value=arm-linux-uclibc
ac_cv_env_host_alias_set=set
ac_cv_env_host_alias_value=arm-linux
ac_cv_env_target_alias_set=set
ac_cv_env_target_alias_value=arm-linux-uclibc
ac_cv_func__doprnt=no
ac_cv_func_chown_works=no
ac_cv_func_fork=yes
ac_cv_func_fork_works=yes
ac_cv_func_memmove=yes
ac_cv_func_memset=yes
ac_cv_func_mkdir=yes
ac_cv_func_regcomp=yes
ac_cv_func_strchr=yes
ac_cv_func_strcspn=yes
ac_cv_func_strdup=yes
ac_cv_func_strerror=yes
ac_cv_func_strndup=yes
ac_cv_func_strrchr=yes
ac_cv_func_strstr=yes
ac_cv_func_strtol=yes
ac_cv_func_strtoul=yes
ac_cv_func_sysinfo=yes
ac_cv_func_utime=yes
ac_cv_func_utime_null=yes
ac_cv_func_vfork=yes
ac_cv_func_vfork_works=yes
ac_cv_func_vprintf=yes
ac_cv_header_dirent_dirent_h=yes
ac_cv_header_dlfcn_h=yes
ac_cv_header_errno_h=yes
ac_cv_header_fcntl_h=yes
ac_cv_header_inttypes_h=yes
ac_cv_header_memory_h=yes
ac_cv_header_minix_config_h=no
ac_cv_header_regex_h=yes
ac_cv_header_stdc=yes
ac_cv_header_stddef_h=yes
ac_cv_header_stdint_h=yes
ac_cv_header_stdlib_h=yes
ac_cv_header_string_h=yes
ac_cv_header_strings_h=yes
ac_cv_header_sys_stat_h=yes
ac_cv_header_sys_types_h=yes
ac_cv_header_sys_wait_h=yes
ac_cv_header_unistd_h=yes
ac_cv_header_utime_h=yes
ac_cv_header_vfork_h=no
ac_cv_host=arm-unknown-linux-gnu
ac_cv_member_struct_stat_st_rdev=yes
ac_cv_objext=o
ac_cv_path_EGREP='/bin/grep -E'
ac_cv_path_FGREP='/bin/grep -F'
ac_cv_path_GREP=/bin/grep
ac_cv_path_SED=/bin/sed
ac_cv_path_ac_pt_PKG_CONFIG=/usr/bin/pkg-config
ac_cv_path_install='/usr/bin/install -c'
ac_cv_path_mkdir=/bin/mkdir
ac_cv_prog_AR=arm-linux-ar
ac_cv_prog_AWK=gawk
ac_cv_prog_CC=arm-linux-gcc
ac_cv_prog_CPP='arm-linux-gcc -E'
ac_cv_prog_OBJDUMP=arm-linux-objdump
ac_cv_prog_RANLIB=arm-linux-ranlib
ac_cv_prog_SED=/bin/sed
ac_cv_prog_STRIP=arm-linux-strip
ac_cv_prog_cc_c89=
ac_cv_prog_cc_g=yes
ac_cv_prog_make_make_set=yes
ac_cv_safe_to_define___extensions__=yes
ac_cv_search_opendir='none required'
ac_cv_sys_file_offset_bits=64
ac_cv_sys_largefile_CC=no
ac_cv_type_mode_t=yes
ac_cv_type_off_t=yes
ac_cv_type_pid_t=yes
ac_cv_type_signal=void
ac_cv_type_size_t=yes
ac_cv_type_uid_t=yes
am_cv_CC_dependencies_compiler_type=gcc3
lt_cv_deplibs_check_method=pass_all
lt_cv_file_magic_cmd='$MAGIC_CMD'
lt_cv_file_magic_test_file=
lt_cv_ld_reload_flag=-r
lt_cv_nm_interface='BSD nm'
lt_cv_objdir=.libs
lt_cv_path_LD=/home/dwmcqueen/Projects/snake-os/tools/arm-uclibc-3.4.6/arm-linux-uclibc/bin/ld
lt_cv_path_NM='/home/dwmcqueen/Projects/snake-os/tools/arm-uclibc-3.4.6/bin//arm-linux-nm -B'
lt_cv_prog_compiler_c_o=yes
lt_cv_prog_compiler_pic_works=yes
lt_cv_prog_compiler_rtti_exceptions=no
lt_cv_prog_compiler_static_works=yes
lt_cv_prog_gnu_ld=yes
lt_cv_sys_global_symbol_pipe='sed -n -e '\''s/^.*[	 ]\([ABCDGIRSTW][ABCDGIRSTW]*\)[	 ][	 ]*\([_A-Za-z][_A-Za-z0-9]*\)$/\1 \2 \2/p'\'''
lt_cv_sys_global_symbol_to_c_name_address='sed -n -e '\''s/^: \([^ ]*\) $/  {\"\1\", (void *) 0},/p'\'' -e '\''s/^[ABCDGIRSTW]* \([^ ]*\) \([^ ]*\)$/  {"\2", (void *) \&\2},/p'\'''
lt_cv_sys_global_symbol_to_c_name_address_lib_prefix='sed -n -e '\''s/^: \([^ ]*\) $/  {\"\1\", (void *) 0},/p'\'' -e '\''s/^[ABCDGIRSTW]* \([^ ]*\) \(lib[^ ]*\)$/  {"\2", (void *) \&\2},/p'\'' -e '\''s/^[ABCDGIRSTW]* \([^ ]*\) \([^ ]*\)$/  {"lib\2", (void *) \&\2},/p'\'''
lt_cv_sys_global_symbol_to_cdecl='sed -n -e '\''s/^T .* \(.*\)$/extern int \1();/p'\'' -e '\''s/^[ABCDGIRSTW]* .* \(.*\)$/extern char \1;/p'\'''
lt_cv_sys_max_cmd_len=3458764513820540925

## ----------------- ##
## Output variables. ##
## ----------------- ##

ACLOCAL='${SHELL} /home/dwmcqueen/Projects/snake-os/apps/opkg/conf/missing --run aclocal-1.11'
AMDEPBACKSLASH='\'
AMDEP_FALSE='#'
AMDEP_TRUE=''
AMTAR='${SHELL} /home/dwmcqueen/Projects/snake-os/apps/opkg/conf/missing --run tar'
AM_MAKEFLAGS='`test -z $V && echo -s`'
AR='arm-linux-ar'
AUTOCONF='${SHELL} /home/dwmcqueen/Projects/snake-os/apps/opkg/conf/missing --run autoconf'
AUTOHEADER='${SHELL} /home/dwmcqueen/Projects/snake-os/apps/opkg/conf/missing --run autoheader'
AUTOMAKE='${SHELL} /home/dwmcqueen/Projects/snake-os/apps/opkg/conf/missing --run automake-1.11'
AWK='gawk'
BIGENDIAN_CFLAGS=''
CC='/bin/bash /home/dwmcqueen/Projects/snake-os/apps/opkg/shave/shave cc arm-linux-gcc'
CCDEPMODE='depmode=gcc3'
CFLAGS='-Os -frename-registers -march=armv4'
CLEAN_DATE='May 2011'
CPP='arm-linux-gcc -E'
CPPFLAGS=''
CURL_CFLAGS=''
CURL_LIBS=''
CXX='/bin/bash /home/dwmcqueen/Projects/snake-os/apps/opkg/shave/shave cxx '
CYGPATH_W='echo'
DEFS='-DHAVE_CONFIG_H'
DEPDIR='.deps'
DSYMUTIL=''
DUMPBIN=''
ECHO_C=''
ECHO_N='-n'
ECHO_T=''
EGREP='/bin/grep -E'
EXEEXT=''
F77='/bin/bash /home/dwmcqueen/Projects/snake-os/apps/opkg/shave/shave f77 '
FC='/bin/bash /home/dwmcqueen/Projects/snake-os/apps/opkg/shave/shave fc '
FGREP='/bin/grep -F'
GPGME_CFLAGS=''
GPGME_CONFIG=''
GPGME_LIBS=''
GREP='/bin/grep'
HAVE_PATHFINDER_FALSE=''
HAVE_PATHFINDER_TRUE='#'
HAVE_SHA256_FALSE=''
HAVE_SHA256_TRUE='#'
INSTALL_DATA='${INSTALL} -m 644'
INSTALL_PROGRAM='${INSTALL}'
INSTALL_SCRIPT='${INSTALL}'
INSTALL_STRIP_PROGRAM='$(install_sh) -c -s'
LD='/home/dwmcqueen/Projects/snake-os/tools/arm-uclibc-3.4.6/arm-linux-uclibc/bin/ld'
LDFLAGS=''
LIBOBJS=''
LIBS=''
LIBTOOL='/bin/bash /home/dwmcqueen/Projects/snake-os/apps/opkg/shave/shave-libtool '\''$(SHELL) $(top_builddir)/libtool'\'''
LIPO=''
LN_S='ln -s'
LTLIBOBJS=''
MAKEFLAGS='-s'
MAKEINFO='${SHELL} /home/dwmcqueen/Projects/snake-os/apps/opkg/conf/missing --run makeinfo'
MKDIR_P='/bin/mkdir -p'
NM='/home/dwmcqueen/Projects/snake-os/tools/arm-uclibc-3.4.6/bin//arm-linux-nm -B'
NMEDIT=''
OBJC='/bin/bash /home/dwmcqueen/Projects/snake-os/apps/opkg/shave/shave objc '
OBJDUMP='arm-linux-objdump'
OBJEXT='o'
OPENSSL_CFLAGS=''
OPENSSL_LIBS=''
OTOOL64=''
OTOOL=''
PACKAGE='opkg'
PACKAGE_BUGREPORT=''
PACKAGE_NAME='opkg'
PACKAGE_STRING='opkg 0.1.8'
PACKAGE_TARNAME='opkg'
PACKAGE_URL=''
PACKAGE_VERSION='0.1.8'
PATHFINDER_CFLAGS=''
PATHFINDER_LIBS=''
PATH_SEPARATOR=':'
PKG_CONFIG='/usr/bin/pkg-config'
PKG_CONFIG_LIBDIR=''
PKG_CONFIG_PATH=''
Q='$(V:1=)'
RANLIB='arm-linux-ranlib'
SED='/bin/sed'
SET_MAKE=''
SHELL='/bin/bash'
STRIP='arm-linux-strip'
V='@'
VERSION='0.1.8'
ac_ct_CC=''
ac_ct_DUMPBIN=''
am__EXEEXT_FALSE=''
am__EXEEXT_TRUE='#'
am__fastdepCC_FALSE='#'
am__fastdepCC_TRUE=''
am__include='include'
am__isrc=''
am__leading_dot='.'
am__quote=''
am__tar='${AMTAR} chof - "$$tardir"'
am__untar='${AMTAR} xf -'
bindir='${exec_prefix}/bin'
build='arm-unknown-linux-uclibc'
build_alias='arm-linux-uclibc'
build_cpu='arm'
build_os='linux-uclibc'
build_vendor='unknown'
datadir='${datarootdir}'
datarootdir='${prefix}/share'
docdir='${datarootdir}/doc/${PACKAGE_TARNAME}'
dvidir='${docdir}'
exec_prefix='${prefix}'
host='arm-unknown-linux-gnu'
host_alias='arm-linux'
host_cpu='arm'
host_os='linux-gnu'
host_vendor='unknown'
htmldir='${docdir}'
includedir='${prefix}/include'
infodir='${datarootdir}/info'
install_sh='${SHELL} /home/dwmcqueen/Projects/snake-os/apps/opkg/conf/install-sh'
libdir='${exec_prefix}/lib'
libexecdir='${exec_prefix}/libexec'
localedir='${datarootdir}/locale'
localstatedir='${prefix}/var'
lt_ECHO='echo'
mandir='${datarootdir}/man'
mkdir_p='/bin/mkdir -p'
oldincludedir='/usr/include'
opkgetcdir='/etc'
opkglibdir='/opt'
opkglockfile='/opt/opkg/lock'
pdfdir='${docdir}'
prefix='/home/dwmcqueen/Projects/snake-os/apps'
program_transform_name='s,x,x,'
psdir='${docdir}'
sbindir='${exec_prefix}/sbin'
sharedstatedir='${prefix}/com'
shavedir='/home/dwmcqueen/Projects/snake-os/apps/opkg/shave'
sysconfdir='${prefix}/etc'
target_alias='arm-linux-uclibc'

## ----------- ##
## confdefs.h. ##
## ----------- ##

/* confdefs.h */
#define PACKAGE_NAME "opkg"
#define PACKAGE_TARNAME "opkg"
#define PACKAGE_VERSION "0.1.8"
#define PACKAGE_STRING "opkg 0.1.8"
#define PACKAGE_BUGREPORT ""
#define PACKAGE_URL ""
#define PACKAGE "opkg"
#define VERSION "0.1.8"
#define STDC_HEADERS 1
#define HAVE_SYS_TYPES_H 1
#define HAVE_SYS_STAT_H 1
#define HAVE_STDLIB_H 1
#define HAVE_STRING_H 1
#define HAVE_MEMORY_H 1
#define HAVE_STRINGS_H 1
#define HAVE_INTTYPES_H 1
#define HAVE_STDINT_H 1
#define HAVE_UNISTD_H 1
#define __EXTENSIONS__ 1
#define _ALL_SOURCE 1
#define _GNU_SOURCE 1
#define _POSIX_PTHREAD_SEMANTICS 1
#define _TANDEM_SOURCE 1
#define _FILE_OFFSET_BITS 64
#define HAVE_DLFCN_H 1
#define LT_OBJDIR ".libs/"
#define HAVE_DIRENT_H 1
#define STDC_HEADERS 1
#define HAVE_SYS_WAIT_H 1
#define HAVE_ERRNO_H 1
#define HAVE_FCNTL_H 1
#define HAVE_MEMORY_H 1
#define HAVE_REGEX_H 1
#define HAVE_STDDEF_H 1
#define HAVE_STDLIB_H 1
#define HAVE_STRING_H 1
#define HAVE_STRINGS_H 1
#define HAVE_UNISTD_H 1
#define HAVE_UTIME_H 1
#define HAVE_STRUCT_STAT_ST_RDEV 1
#define HAVE_UNISTD_H 1
#define HAVE_FORK 1
#define HAVE_VFORK 1
#define HAVE_WORKING_VFORK 1
#define HAVE_WORKING_FORK 1
#define RETSIGTYPE void
#define HAVE_UTIME_H 1
#define HAVE_UTIME_NULL 1
#define HAVE_VPRINTF 1
#define HAVE_MEMMOVE 1
#define HAVE_MEMSET 1
#define HAVE_MKDIR 1
#define HAVE_REGCOMP 1
#define HAVE_STRCHR 1
#define HAVE_STRCSPN 1
#define HAVE_STRDUP 1
#define HAVE_STRERROR 1
#define HAVE_STRNDUP 1
#define HAVE_STRRCHR 1
#define HAVE_STRSTR 1
#define HAVE_STRTOL 1
#define HAVE_STRTOUL 1
#define HAVE_SYSINFO 1
#define HAVE_UTIME 1

configure: exit 0
